TN:
SF:components\Breadcrumb.tsx
FN:10,(anonymous_0)
FN:13,(anonymous_1)
FN:17,(anonymous_2)
FNF:3
FNH:2
FNDA:1,(anonymous_0)
FNDA:3,(anonymous_1)
FNDA:0,(anonymous_2)
DA:10,1
DA:11,1
DA:14,3
DA:17,0
DA:32,1
LF:5
LH:4
BRDA:16,0,0,1
BRDA:16,0,1,2
BRDA:22,1,0,3
BRDA:22,1,1,2
BRF:4
BRH:4
end_of_record
TN:
SF:components\Button.tsx
FN:11,Button
FN:22,(anonymous_1)
FN:78,(anonymous_2)
FNF:3
FNH:1
FNDA:1,Button
FNDA:0,(anonymous_1)
FNDA:0,(anonymous_2)
DA:12,1
DA:13,0
DA:22,0
DA:36,1
DA:37,0
DA:53,1
DA:54,0
DA:74,1
DA:78,0
DA:86,1
LF:10
LH:5
BRDA:12,0,0,0
BRDA:12,0,1,1
BRDA:36,1,0,0
BRDA:36,1,1,1
BRDA:53,2,0,0
BRDA:53,2,1,1
BRF:6
BRH:3
end_of_record
TN:
SF:components\GoogleMap.tsx
FN:12,(anonymous_0)
FN:45,(anonymous_1)
FN:62,(anonymous_2)
FN:63,(anonymous_3)
FN:85,(anonymous_4)
FN:107,(anonymous_5)
FN:118,(anonymous_6)
FN:125,(anonymous_7)
FN:130,(anonymous_8)
FN:166,(anonymous_9)
FN:208,(anonymous_10)
FN:237,(anonymous_11)
FN:238,(anonymous_12)
FN:239,(anonymous_13)
FN:244,(anonymous_14)
FNF:15
FNH:5
FNDA:4,(anonymous_0)
FNDA:0,(anonymous_1)
FNDA:2,(anonymous_2)
FNDA:2,(anonymous_3)
FNDA:1,(anonymous_4)
FNDA:0,(anonymous_5)
FNDA:0,(anonymous_6)
FNDA:0,(anonymous_7)
FNDA:0,(anonymous_8)
FNDA:1,(anonymous_9)
FNDA:0,(anonymous_10)
FNDA:0,(anonymous_11)
FNDA:0,(anonymous_12)
FNDA:0,(anonymous_13)
FNDA:0,(anonymous_14)
DA:12,1
DA:20,4
DA:37,4
DA:38,4
DA:39,4
DA:40,4
DA:41,4
DA:43,4
DA:45,0
DA:46,0
DA:57,4
DA:58,4
DA:62,4
DA:63,2
DA:64,2
DA:65,2
DA:66,1
DA:67,1
DA:68,1
DA:71,1
DA:72,1
DA:73,1
DA:81,1
DA:85,4
DA:86,1
DA:87,1
DA:88,1
DA:89,1
DA:90,1
DA:93,1
DA:95,1
DA:101,0
DA:102,0
DA:103,0
DA:106,0
DA:107,0
DA:110,0
DA:112,0
DA:113,0
DA:114,0
DA:118,4
DA:119,0
DA:121,0
DA:122,0
DA:125,4
DA:126,0
DA:127,0
DA:130,4
DA:132,0
DA:137,4
DA:138,2
DA:146,2
DA:147,1
DA:154,1
DA:166,1
DA:209,0
DA:237,0
DA:239,0
DA:244,0
DA:263,1
LF:60
LH:39
BRDA:43,0,0,0
BRDA:43,0,1,4
BRDA:65,1,0,1
BRDA:65,1,1,1
BRDA:85,2,0,0
BRDA:93,3,0,1
BRDA:93,3,1,0
BRDA:102,4,0,0
BRDA:102,4,1,0
BRDA:106,5,0,0
BRDA:106,5,1,0
BRDA:106,6,0,0
BRDA:106,6,1,0
BRDA:106,6,2,0
BRDA:119,7,0,0
BRDA:119,7,1,0
BRDA:119,8,0,0
BRDA:119,8,1,0
BRDA:126,9,0,0
BRDA:126,9,1,0
BRDA:137,10,0,2
BRDA:137,10,1,2
BRDA:137,11,0,4
BRDA:137,11,1,3
BRDA:146,12,0,1
BRDA:146,12,1,1
BRDA:167,13,0,0
BRDA:167,13,1,1
BRDA:201,14,0,1
BRDA:201,14,1,1
BRDA:223,15,0,1
BRDA:223,15,1,1
BRDA:231,16,0,1
BRDA:231,16,1,0
BRDA:243,17,0,0
BRDA:243,17,1,0
BRDA:251,18,0,0
BRDA:251,18,1,0
BRF:38
BRH:16
end_of_record
TN:
SF:components\ImageViewer.tsx
FN:11,ImageViewer
FN:14,(anonymous_1)
FNF:2
FNH:2
FNDA:2,ImageViewer
FNDA:1,(anonymous_1)
DA:12,2
DA:13,2
DA:14,2
DA:15,1
DA:17,2
DA:32,1
LF:6
LH:6
BRF:0
BRH:0
end_of_record
TN:
SF:components\Rating.tsx
FN:11,StarRating
FN:25,(anonymous_1)
FN:46,(anonymous_2)
FNF:3
FNH:3
FNDA:1,StarRating
FNDA:3,(anonymous_1)
FNDA:1,(anonymous_2)
DA:16,1
DA:17,1
DA:18,1
DA:20,1
DA:26,3
DA:47,1
DA:61,2
LF:7
LH:7
BRDA:13,0,0,0
BRDA:14,1,0,0
BRDA:37,2,0,1
BRDA:37,2,1,1
BRF:4
BRH:2
end_of_record
TN:
SF:components\Search.tsx
FN:13,(anonymous_0)
FN:17,(anonymous_1)
FN:23,(anonymous_2)
FNF:3
FNH:3
FNDA:3,(anonymous_0)
FNDA:1,(anonymous_1)
FNDA:5,(anonymous_2)
DA:5,1
DA:13,1
DA:14,3
DA:15,3
DA:17,3
DA:18,1
DA:19,1
DA:20,0
DA:22,1
DA:24,5
DA:30,3
DA:47,1
LF:12
LH:11
BRDA:19,0,0,0
BRDA:19,0,1,1
BRF:2
BRH:1
end_of_record
